Unity Editor version:    2022.3.16f1 (d2c21f0ef2f1)
Branch:                  2022.3/staging
Build type:              Release
Batch mode:              YES
macOS version:           Version 14.2.1 (Build 23C71)
Darwin version:          23.2.0
Architecture:            x86_64
Running under Rosetta:   NO
Available memory:        8192 MB
Using pre-set license
Pro License: YES

COMMAND LINE ARGUMENTS:
/Applications/Unity/Hub/Editor/2022.3.16f1/Unity.app/Contents/MacOS/Unity
-adb2
-batchMode
-noUpm
-name
AssetImportWorker0
-projectPath
/Users/sarahhallam/Game_Design/Labs/NatureTown
-logFile
Logs/AssetImportWorker0.log
-srvPort
54153
Successfully changed project path to: /Users/sarahhallam/Game_Design/Labs/NatureTown
/Users/sarahhallam/Game_Design/Labs/NatureTown
[UnityMemory] Configuration Parameters - Can be set up in boot.config
    "memorysetup-bucket-allocator-granularity=16"
    "memorysetup-bucket-allocator-bucket-count=8"
    "memorysetup-bucket-allocator-block-size=33554432"
    "memorysetup-bucket-allocator-block-count=8"
    "memorysetup-main-allocator-block-size=16777216"
    "memorysetup-thread-allocator-block-size=16777216"
    "memorysetup-gfx-main-allocator-block-size=16777216"
    "memorysetup-gfx-thread-allocator-block-size=16777216"
    "memorysetup-cache-allocator-block-size=4194304"
    "memorysetup-typetree-allocator-block-size=2097152"
    "memorysetup-profiler-bucket-allocator-granularity=16"
    "memorysetup-profiler-bucket-allocator-bucket-count=8"
    "memorysetup-profiler-bucket-allocator-block-size=33554432"
    "memorysetup-profiler-bucket-allocator-block-count=8"
    "memorysetup-profiler-allocator-block-size=16777216"
    "memorysetup-profiler-editor-allocator-block-size=1048576"
    "memorysetup-temp-allocator-size-main=16777216"
    "memorysetup-job-temp-allocator-block-size=2097152"
    "memorysetup-job-temp-allocator-block-size-background=1048576"
    "memorysetup-job-temp-allocator-reduction-small-platforms=262144"
    "memorysetup-allocator-temp-initial-block-size-main=262144"
    "memorysetup-allocator-temp-initial-block-size-worker=262144"
    "memorysetup-temp-allocator-size-background-worker=32768"
    "memorysetup-temp-allocator-size-job-worker=262144"
    "memorysetup-temp-allocator-size-preload-manager=33554432"
    "memorysetup-temp-allocator-size-nav-mesh-worker=65536"
    "memorysetup-temp-allocator-size-audio-worker=65536"
    "memorysetup-temp-allocator-size-cloud-worker=32768"
    "memorysetup-temp-allocator-size-gi-baking-worker=262144"
    "memorysetup-temp-allocator-size-gfx=262144"
Player connection [140704709286784] Host "[IP] 192.168.1.238 [Port] 0 [Flags] 2 [Guid] 2486220555 [EditorId] 2486220555 [Version] 1048832 [Id] OSXEditor(0,Sarahs-MBP-66.lan) [Debug] 1 [PackageName] OSXEditor [ProjectName] Editor" joined multi-casting on [225.0.0.222:54997]...

Player connection [140704709286784] Host "[IP] 192.168.1.238 [Port] 0 [Flags] 2 [Guid] 2486220555 [EditorId] 2486220555 [Version] 1048832 [Id] OSXEditor(0,Sarahs-MBP-66.lan) [Debug] 1 [PackageName] OSXEditor [ProjectName] Editor" joined alternative multi-casting on [225.0.0.222:34997]...

[Physics::Module] Initialized MultithreadedJobDispatcher with 7 workers.
Refreshing native plugins compatible for Editor in 33.08 ms, found 2 plugins.
Preloading 0 native plugins for Editor in 0.00 ms.
Initialize engine version: 2022.3.16f1 (d2c21f0ef2f1)
[Subsystems] Discovering subsystems at path /Applications/Unity/Hub/Editor/2022.3.16f1/Unity.app/Contents/Resources/UnitySubsystems
[Subsystems] Discovering subsystems at path /Users/sarahhallam/Game_Design/Labs/NatureTown/Assets
GfxDevice: creating device client; threaded=0; jobified=0
Color LCD preferred device: Intel(R) Iris(TM) Plus Graphics 655 (low power)
Metal devices available: 1
0: Intel(R) Iris(TM) Plus Graphics 655 (low power)
Using device Intel(R) Iris(TM) Plus Graphics 655 (low power)
Initializing Metal device caps: Intel(R) Iris(TM) Plus Graphics 655
Initialize mono
Mono path[0] = '/Applications/Unity/Hub/Editor/2022.3.16f1/Unity.app/Contents/Managed'
Mono path[1] = '/Applications/Unity/Hub/Editor/2022.3.16f1/Unity.app/Contents/MonoBleedingEdge/lib/mono/unityjit-macos'
Mono config path = '/Applications/Unity/Hub/Editor/2022.3.16f1/Unity.app/Contents/MonoBleedingEdge/etc'
Using monoOptions --debugger-agent=transport=dt_socket,embedding=1,server=y,suspend=n,address=127.0.0.1:56606
Begin MonoManager ReloadAssembly
Registering precompiled unity dll's ...
Register platform support module: /Applications/Unity/Hub/Editor/2022.3.16f1/PlaybackEngines/WebGLSupport/UnityEditor.WebGL.Extensions.dll
Register platform support module: /Applications/Unity/Hub/Editor/2022.3.16f1/Unity.app/Contents/PlaybackEngines/MacStandaloneSupport/UnityEditor.OSXStandalone.Extensions.dll
Registered in 0.004731 seconds.
- Loaded All Assemblies, in  1.035 seconds
Native extension for OSXStandalone target not found
Native extension for WebGL target not found
Mono: successfully reloaded assembly
- Finished resetting the current domain, in  0.728 seconds
Domain Reload Profiling: 1763ms
	BeginReloadAssembly (321ms)
		ExecutionOrderSort (0ms)
		DisableScriptedObjects (0ms)
		BackupInstance (0ms)
		ReleaseScriptingObjects (0ms)
		CreateAndSetChildDomain (2ms)
	RebuildCommonClasses (143ms)
	RebuildNativeTypeToScriptingClass (39ms)
	initialDomainReloadingComplete (128ms)
	LoadAllAssembliesAndSetupDomain (403ms)
		LoadAssemblies (321ms)
		RebuildTransferFunctionScriptingTraits (0ms)
		AnalyzeDomain (397ms)
			TypeCache.Refresh (393ms)
				TypeCache.ScanAssembly (357ms)
			ScanForSourceGeneratedMonoScriptInfo (1ms)
			ResolveRequiredComponents (1ms)
	FinalizeReload (728ms)
		ReleaseScriptCaches (0ms)
		RebuildScriptCaches (0ms)
		SetupLoadedEditorAssemblies (566ms)
			LogAssemblyErrors (0ms)
			InitializePlatformSupportModulesInManaged (22ms)
			SetLoadedEditorAssemblies (15ms)
			RefreshPlugins (0ms)
			BeforeProcessingInitializeOnLoad (5ms)
			ProcessInitializeOnLoadAttributes (423ms)
			ProcessInitializeOnLoadMethodAttributes (101ms)
			AfterProcessingInitializeOnLoad (0ms)
			EditorAssembliesLoaded (0ms)
		ExecutionOrderSort2 (0ms)
		AwakeInstancesAfterBackupRestoration (0ms)
========================================================================
Worker process is ready to serve import requests
Begin MonoManager ReloadAssembly
- Loaded All Assemblies, in  1.491 seconds
Refreshing native plugins compatible for Editor in 1.72 ms, found 2 plugins.
Native extension for OSXStandalone target not found
Native extension for WebGL target not found
Package Manager log level set to [2]
[Package Manager] Server::EnsureServerProcessIsRunning -- launch failed, reason: Unity was launched with the -noUpm command-line argument
[Package Manager] UpmClient::Send -- Unable to send message (not connected to UPM process).
[Package Manager] Cannot connect to Unity Package Manager local server
Mono: successfully reloaded assembly
- Finished resetting the current domain, in  1.228 seconds
Domain Reload Profiling: 2720ms
	BeginReloadAssembly (288ms)
		ExecutionOrderSort (0ms)
		DisableScriptedObjects (14ms)
		BackupInstance (0ms)
		ReleaseScriptingObjects (0ms)
		CreateAndSetChildDomain (54ms)
	RebuildCommonClasses (102ms)
	RebuildNativeTypeToScriptingClass (34ms)
	initialDomainReloadingComplete (96ms)
	LoadAllAssembliesAndSetupDomain (971ms)
		LoadAssemblies (690ms)
		RebuildTransferFunctionScriptingTraits (0ms)
		AnalyzeDomain (417ms)
			TypeCache.Refresh (370ms)
				TypeCache.ScanAssembly (338ms)
			ScanForSourceGeneratedMonoScriptInfo (30ms)
			ResolveRequiredComponents (9ms)
	FinalizeReload (1229ms)
		ReleaseScriptCaches (0ms)
		RebuildScriptCaches (0ms)
		SetupLoadedEditorAssemblies (860ms)
			LogAssemblyErrors (0ms)
			InitializePlatformSupportModulesInManaged (11ms)
			SetLoadedEditorAssemblies (8ms)
			RefreshPlugins (0ms)
			BeforeProcessingInitializeOnLoad (104ms)
			ProcessInitializeOnLoadAttributes (689ms)
			ProcessInitializeOnLoadMethodAttributes (45ms)
			AfterProcessingInitializeOnLoad (2ms)
			EditorAssembliesLoaded (0ms)
		ExecutionOrderSort2 (0ms)
		AwakeInstancesAfterBackupRestoration (8ms)
Launching external process: /Applications/Unity/Hub/Editor/2022.3.16f1/Unity.app/Contents/Tools/UnityShaderCompiler
Launched and connected shader compiler UnityShaderCompiler after 0.13 seconds
Refreshing native plugins compatible for Editor in 2.38 ms, found 2 plugins.
Preloading 0 native plugins for Editor in 0.00 ms.
Unloading 3083 Unused Serialized files (Serialized files now loaded: 0)
Unloading 32 unused Assets / (51.4 KB). Loaded Objects now: 3545.
Memory consumption went from 126.4 MB to 126.4 MB.
Total: 6.336370 ms (FindLiveObjects: 0.422731 ms CreateObjectMapping: 0.263844 ms MarkObjects: 5.419160 ms  DeleteObjects: 0.229205 ms)

AssetImportParameters requested are different than current active one (requested -> active):
  custom:container-demuxer-ogg: 62fdf1f143b41e24485cea50d1cbac27 -> 
  custom:video-decoder-ogg-theora: a1e56fd34408186e4bbccfd4996cb3dc -> 
  custom:CustomObjectIndexerAttribute: 43b350a4d6e6d1791af0b5038c4bea17 -> 
  custom:container-demuxer-webm: 4f35f7cbe854078d1ac9338744f61a02 -> 
  custom:container-muxer-webm: aa71ff27fc2769a1b78a27578f13a17b -> 
  custom:video-decoder-webm-vp8: 9c59270c3fd7afecdb556c50c9e8de78 -> 
  custom:SearchIndexIgnoredProperties: e643bd26f0fe6173181afceb89e7c659 -> 
  custom:AudioImporter_EditorPlatform: 3918e3fc78b5a79bad01e8451be0beb8 -> 
  custom:framework-osx-AVFoundation: e770b220cccbd017edd2c1fefb359320 -> 
  custom:video-encoder-webm-vp8: eb34c28f22e8b96e1ab97ce403110664 -> 
  custom:audio-decoder-ogg-vorbis: bf7c407c2cedff20999df2af8eb42d56 -> 
  custom:audio-encoder-webm-vorbis: bf7c407c2cedff20999df2af8eb42d56 -> 
========================================================================
Received Import Request.
  Time since last request: 35758.180557 seconds.
  path: Assets/UndeadAsset/Prefabs/Character/SkeletonWarrior.prefab
  artifactKey: Guid(94025afe18059204e901d3bec7d70224) Importer(815301076,1909f56bfc062723c751e8b465ee728b)
Start importing Assets/UndeadAsset/Prefabs/Character/SkeletonWarrior.prefab using Guid(94025afe18059204e901d3bec7d70224) Importer(815301076,1909f56bfc062723c751e8b465ee728b)  -> (artifact id: 'a5b9debc74b3d0b28d4fc09d54add5b6') in 0.572188 seconds
Number of updated asset objects reloaded before import = 0
Number of asset objects unloaded after import = 188
========================================================================
Received Import Request.
  Time since last request: 0.000125 seconds.
  path: Assets/UndeadAsset/Prefabs/Character/Wraith.prefab
  artifactKey: Guid(9257ae217dd1b404c845ae1f178cbfd8) Importer(815301076,1909f56bfc062723c751e8b465ee728b)
Start importing Assets/UndeadAsset/Prefabs/Character/Wraith.prefab using Guid(9257ae217dd1b404c845ae1f178cbfd8) Importer(815301076,1909f56bfc062723c751e8b465ee728b)  -> (artifact id: '8fcba90caa46875d11dd94b4a2f4bc05') in 0.022111 seconds
Number of updated asset objects reloaded before import = 0
Number of asset objects unloaded after import = 188
========================================================================
Received Import Request.
  Time since last request: 0.000097 seconds.
  path: Assets/UndeadAsset/Prefabs/Character/Wraith_II.prefab
  artifactKey: Guid(06b5c058b87339541a56cdd22b4e8670) Importer(815301076,1909f56bfc062723c751e8b465ee728b)
Start importing Assets/UndeadAsset/Prefabs/Character/Wraith_II.prefab using Guid(06b5c058b87339541a56cdd22b4e8670) Importer(815301076,1909f56bfc062723c751e8b465ee728b)  -> (artifact id: '61b241e2ca400eca52bb1527c2a1a957') in 0.047967 seconds
Number of updated asset objects reloaded before import = 0
Number of asset objects unloaded after import = 188
========================================================================
Received Import Request.
  Time since last request: 106.387663 seconds.
  path: Assets/UndeadAsset/Model/Character
  artifactKey: Guid(eed395b866a953e4bb833d4998e3105c) Importer(815301076,1909f56bfc062723c751e8b465ee728b)
Start importing Assets/UndeadAsset/Model/Character using Guid(eed395b866a953e4bb833d4998e3105c) Importer(815301076,1909f56bfc062723c751e8b465ee728b)  -> (artifact id: 'fda1c7bcceaeeb6e21946520d1f2eccc') in 0.001960 seconds
Number of updated asset objects reloaded before import = 0
Number of asset objects unloaded after import = 0
========================================================================
Received Import Request.
  Time since last request: 0.078426 seconds.
  path: Assets/UndeadAsset/Model/Character/SkeletonLich.fbx
  artifactKey: Guid(b1d6781c4e3f65b478c606e5850bcd9c) Importer(815301076,1909f56bfc062723c751e8b465ee728b)
Start importing Assets/UndeadAsset/Model/Character/SkeletonLich.fbx using Guid(b1d6781c4e3f65b478c606e5850bcd9c) Importer(815301076,1909f56bfc062723c751e8b465ee728b)  -> (artifact id: 'e6de74a0856dcb513987ea5df576685e') in 0.142831 seconds
Number of updated asset objects reloaded before import = 0
Number of asset objects unloaded after import = 187
========================================================================
Received Import Request.
  Time since last request: 0.000071 seconds.
  path: Assets/UndeadAsset/Model/Character/Wraith.fbx
  artifactKey: Guid(b19b172a6e956d34cb003b7befa2af53) Importer(815301076,1909f56bfc062723c751e8b465ee728b)
Start importing Assets/UndeadAsset/Model/Character/Wraith.fbx using Guid(b19b172a6e956d34cb003b7befa2af53) Importer(815301076,1909f56bfc062723c751e8b465ee728b)  -> (artifact id: '3a726d8d2c3aa0daf187021867311aaa') in 0.084339 seconds
Number of updated asset objects reloaded before import = 0
Number of asset objects unloaded after import = 187
========================================================================
Received Import Request.
  Time since last request: 0.000062 seconds.
  path: Assets/UndeadAsset/Model/Character/SkeletonWarrior_II.fbx
  artifactKey: Guid(d6396a21f90ccf449b1abe9c920b0843) Importer(815301076,1909f56bfc062723c751e8b465ee728b)
Start importing Assets/UndeadAsset/Model/Character/SkeletonWarrior_II.fbx using Guid(d6396a21f90ccf449b1abe9c920b0843) Importer(815301076,1909f56bfc062723c751e8b465ee728b)  -> (artifact id: 'e82ab37eb5edffcf3bfd71efa3e0276b') in 0.076513 seconds
Number of updated asset objects reloaded before import = 0
Number of asset objects unloaded after import = 187
========================================================================
Received Import Request.
  Time since last request: 3.530472 seconds.
  path: Assets/UndeadAsset/Model/Character/Wraith_II.fbx
  artifactKey: Guid(1867c25d07db89143a983896aff769a7) Importer(815301076,1909f56bfc062723c751e8b465ee728b)
Start importing Assets/UndeadAsset/Model/Character/Wraith_II.fbx using Guid(1867c25d07db89143a983896aff769a7) Importer(815301076,1909f56bfc062723c751e8b465ee728b)  -> (artifact id: 'd0492aee76da84f9e195c3c0442a9311') in 0.042779 seconds
Number of updated asset objects reloaded before import = 0
Number of asset objects unloaded after import = 187
========================================================================
Received Import Request.
  Time since last request: 2.097518 seconds.
  path: Assets/UndeadAsset/Model/Weapons/ShieldRound.fbx
  artifactKey: Guid(b56f1633a37f1ad4fa373c4b57238fa4) Importer(815301076,1909f56bfc062723c751e8b465ee728b)
Start importing Assets/UndeadAsset/Model/Weapons/ShieldRound.fbx using Guid(b56f1633a37f1ad4fa373c4b57238fa4) Importer(815301076,1909f56bfc062723c751e8b465ee728b)  -> (artifact id: '09e13169f80b96cb8a1debafb3f6b440') in 0.023948 seconds
Number of updated asset objects reloaded before import = 0
Number of asset objects unloaded after import = 8
========================================================================
Received Import Request.
  Time since last request: 0.000087 seconds.
  path: Assets/UndeadAsset/Model/Weapons/StaffPriest.fbx
  artifactKey: Guid(175eb390c88d1554e943530485726ff5) Importer(815301076,1909f56bfc062723c751e8b465ee728b)
Start importing Assets/UndeadAsset/Model/Weapons/StaffPriest.fbx using Guid(175eb390c88d1554e943530485726ff5) Importer(815301076,1909f56bfc062723c751e8b465ee728b)  -> (artifact id: 'bc2fefd32ba98a1cacc6680ca392eecb') in 0.053595 seconds
Number of updated asset objects reloaded before import = 0
Number of asset objects unloaded after import = 8
========================================================================
Received Import Request.
  Time since last request: 0.000235 seconds.
  path: Assets/UndeadAsset/Model/Weapons/SwordBroken.fbx
  artifactKey: Guid(af582b6dd7000b24ebc3d7d2a425cab9) Importer(815301076,1909f56bfc062723c751e8b465ee728b)
Start importing Assets/UndeadAsset/Model/Weapons/SwordBroken.fbx using Guid(af582b6dd7000b24ebc3d7d2a425cab9) Importer(815301076,1909f56bfc062723c751e8b465ee728b)  -> (artifact id: '107fb234fd717c49b55ea59fb12c109e') in 0.074474 seconds
Number of updated asset objects reloaded before import = 0
Number of asset objects unloaded after import = 8
========================================================================
Received Import Request.
  Time since last request: 32.101678 seconds.
  path: Assets/UndeadAsset/Material/MainUV.mat
  artifactKey: Guid(78b245d1173626a439d1f58dfaf3d063) Importer(815301076,1909f56bfc062723c751e8b465ee728b)
Start importing Assets/UndeadAsset/Material/MainUV.mat using Guid(78b245d1173626a439d1f58dfaf3d063) Importer(815301076,1909f56bfc062723c751e8b465ee728b)  -> (artifact id: '697a9dc7ffe3a68af71d0a9dfb3579f9') in 0.012019 seconds
Number of updated asset objects reloaded before import = 0
Number of asset objects unloaded after import = 2
========================================================================
Received Import Request.
  Time since last request: 2.324401 seconds.
  path: Assets/UndeadAsset/Demo/Undead.unity
  artifactKey: Guid(362e4a78bb8a3004ba14f3d9092a45b3) Importer(815301076,1909f56bfc062723c751e8b465ee728b)
Start importing Assets/UndeadAsset/Demo/Undead.unity using Guid(362e4a78bb8a3004ba14f3d9092a45b3) Importer(815301076,1909f56bfc062723c751e8b465ee728b)  -> (artifact id: '10349b678b8f7978a379d9f8147d1f9d') in 0.000620 seconds
Number of updated asset objects reloaded before import = 0
Number of asset objects unloaded after import = 0
========================================================================
Received Prepare
Begin MonoManager ReloadAssembly
- Loaded All Assemblies, in  0.888 seconds
Refreshing native plugins compatible for Editor in 2.09 ms, found 2 plugins.
Native extension for OSXStandalone target not found
Native extension for WebGL target not found
[Package Manager] Server::EnsureServerProcessIsRunning -- launch failed, reason: Unity was launched with the -noUpm command-line argument
[Package Manager] UpmClient::Send -- Unable to send message (not connected to UPM process).
[Package Manager] Cannot connect to Unity Package Manager local server
Mono: successfully reloaded assembly
- Finished resetting the current domain, in  2.324 seconds
Domain Reload Profiling: 3213ms
	BeginReloadAssembly (269ms)
		ExecutionOrderSort (0ms)
		DisableScriptedObjects (9ms)
		BackupInstance (0ms)
		ReleaseScriptingObjects (0ms)
		CreateAndSetChildDomain (99ms)
	RebuildCommonClasses (73ms)
	RebuildNativeTypeToScriptingClass (23ms)
	initialDomainReloadingComplete (67ms)
	LoadAllAssembliesAndSetupDomain (456ms)
		LoadAssemblies (537ms)
		RebuildTransferFunctionScriptingTraits (0ms)
		AnalyzeDomain (30ms)
			TypeCache.Refresh (14ms)
				TypeCache.ScanAssembly (0ms)
			ScanForSourceGeneratedMonoScriptInfo (0ms)
			ResolveRequiredComponents (9ms)
	FinalizeReload (2325ms)
		ReleaseScriptCaches (0ms)
		RebuildScriptCaches (0ms)
		SetupLoadedEditorAssemblies (923ms)
			LogAssemblyErrors (0ms)
			InitializePlatformSupportModulesInManaged (12ms)
			SetLoadedEditorAssemblies (11ms)
			RefreshPlugins (0ms)
			BeforeProcessingInitializeOnLoad (115ms)
			ProcessInitializeOnLoadAttributes (731ms)
			ProcessInitializeOnLoadMethodAttributes (52ms)
			AfterProcessingInitializeOnLoad (2ms)
			EditorAssembliesLoaded (0ms)
		ExecutionOrderSort2 (0ms)
		AwakeInstancesAfterBackupRestoration (11ms)
Refreshing native plugins compatible for Editor in 3.76 ms, found 2 plugins.
Preloading 0 native plugins for Editor in 0.00 ms.
Unloading 3075 Unused Serialized files (Serialized files now loaded: 0)
Unloading 23 unused Assets / (31.1 KB). Loaded Objects now: 3593.
Memory consumption went from 136.1 MB to 136.0 MB.
Total: 7.149393 ms (FindLiveObjects: 0.394033 ms CreateObjectMapping: 0.353250 ms MarkObjects: 6.317349 ms  DeleteObjects: 0.082878 ms)

Prepare: number of updated asset objects reloaded= 0
AssetImportParameters requested are different than current active one (requested -> active):
  custom:container-demuxer-ogg: 62fdf1f143b41e24485cea50d1cbac27 -> 
  custom:video-decoder-ogg-theora: a1e56fd34408186e4bbccfd4996cb3dc -> 
  custom:CustomObjectIndexerAttribute: 43b350a4d6e6d1791af0b5038c4bea17 -> 
  custom:container-demuxer-webm: 4f35f7cbe854078d1ac9338744f61a02 -> 
  custom:container-muxer-webm: aa71ff27fc2769a1b78a27578f13a17b -> 
  custom:video-decoder-webm-vp8: 9c59270c3fd7afecdb556c50c9e8de78 -> 
  custom:SearchIndexIgnoredProperties: e643bd26f0fe6173181afceb89e7c659 -> 
  custom:AudioImporter_EditorPlatform: 3918e3fc78b5a79bad01e8451be0beb8 -> 
  custom:framework-osx-AVFoundation: e770b220cccbd017edd2c1fefb359320 -> 
  custom:video-encoder-webm-vp8: eb34c28f22e8b96e1ab97ce403110664 -> 
  custom:audio-decoder-ogg-vorbis: bf7c407c2cedff20999df2af8eb42d56 -> 
  custom:audio-encoder-webm-vorbis: bf7c407c2cedff20999df2af8eb42d56 -> 
========================================================================
Received Import Request.
  Time since last request: 476.996394 seconds.
  path: Assets/UndeadAsset/Prefabs/Weapons/AxeBroken.prefab
  artifactKey: Guid(ca92cad5fc837c44181f97e67e9cc297) Importer(815301076,1909f56bfc062723c751e8b465ee728b)
Start importing Assets/UndeadAsset/Prefabs/Weapons/AxeBroken.prefab using Guid(ca92cad5fc837c44181f97e67e9cc297) Importer(815301076,1909f56bfc062723c751e8b465ee728b)  -> (artifact id: 'f2e8fc037786ffff386f536ff6df543b') in 0.328261 seconds
Number of updated asset objects reloaded before import = 0
Number of asset objects unloaded after import = 9
========================================================================
Received Import Request.
  Time since last request: 0.000457 seconds.
  path: Assets/UndeadAsset/Prefabs/Weapons/ShieldHeater.prefab
  artifactKey: Guid(d1f5881e0b0260b4a9fb930b33c99ccf) Importer(815301076,1909f56bfc062723c751e8b465ee728b)
Start importing Assets/UndeadAsset/Prefabs/Weapons/ShieldHeater.prefab using Guid(d1f5881e0b0260b4a9fb930b33c99ccf) Importer(815301076,1909f56bfc062723c751e8b465ee728b)  -> (artifact id: 'd440f9b316b7ab1b6227cc9cbebf2d8e') in 0.017678 seconds
Number of updated asset objects reloaded before import = 0
Number of asset objects unloaded after import = 9
========================================================================
Received Import Request.
  Time since last request: 0.000119 seconds.
  path: Assets/UndeadAsset/Prefabs/Weapons/StaffLich.prefab
  artifactKey: Guid(d4e25fa50886fa34e8dc1f2376a35703) Importer(815301076,1909f56bfc062723c751e8b465ee728b)
Start importing Assets/UndeadAsset/Prefabs/Weapons/StaffLich.prefab using Guid(d4e25fa50886fa34e8dc1f2376a35703) Importer(815301076,1909f56bfc062723c751e8b465ee728b)  -> (artifact id: '3fbd24e8d5160a019295ee6f4369ca57') in 0.200866 seconds
Number of updated asset objects reloaded before import = 0
Number of asset objects unloaded after import = 9
========================================================================
Received Import Request.
  Time since last request: 0.000106 seconds.
  path: Assets/UndeadAsset/Prefabs/Weapons/SwordBroken.prefab
  artifactKey: Guid(4f27320a171e6b14faeeafcb26276f77) Importer(815301076,1909f56bfc062723c751e8b465ee728b)
Start importing Assets/UndeadAsset/Prefabs/Weapons/SwordBroken.prefab using Guid(4f27320a171e6b14faeeafcb26276f77) Importer(815301076,1909f56bfc062723c751e8b465ee728b)  -> (artifact id: 'ca1c9f2dbcf38f30ed13dfc1655eab9a') in 0.060279 seconds
Number of updated asset objects reloaded before import = 0
Number of asset objects unloaded after import = 9
========================================================================
Received Import Request.
  Time since last request: 4.890715 seconds.
  path: Assets/UndeadAsset/Demo/Undead.lighting
  artifactKey: Guid(df9831c284dbacc43b55bc28be1d4e02) Importer(815301076,1909f56bfc062723c751e8b465ee728b)
Start importing Assets/UndeadAsset/Demo/Undead.lighting using Guid(df9831c284dbacc43b55bc28be1d4e02) Importer(815301076,1909f56bfc062723c751e8b465ee728b) LightingSettings: switching bake backend from 1 to 2.
 -> (artifact id: 'afaf973000d0cfcd6ca8ce946076bc57') in 0.002052 seconds
Number of updated asset objects reloaded before import = 0
Number of asset objects unloaded after import = 1
